/home/liu/Application/clion-2018.2/bin/cmake/linux/bin/cmake -DCMAKE_BUILD_TYPE=Debug -G "CodeBlocks - Unix Makefiles" /run/user/1000/gvfs/smb-share:server=192.168.1.149,share=a409/users/zhangmi/untitled
CMake Error at /home/liu/Application/clion-2018.2/bin/cmake/linux/share/cmake-3.12/Modules/CMakeDetermineSystem.cmake:186 (configure_file):
  configure_file Problem configuring file
Call Stack (most recent call first):
  CMakeLists.txt:2 (project)


-- The C compiler identification is unknown
CMake Error at /home/liu/Application/clion-2018.2/bin/cmake/linux/share/cmake-3.12/Modules/CMakeDetermineCCompiler.cmake:192 (configure_file):
  configure_file Problem configuring file
Call Stack (most recent call first):
  CMakeLists.txt:2 (project)


-- The CXX compiler identification is unknown
CMake Error at /home/liu/Application/clion-2018.2/bin/cmake/linux/share/cmake-3.12/Modules/CMakeDetermineCXXCompiler.cmake:190 (configure_file):
  configure_file Problem configuring file
Call Stack (most recent call first):
  CMakeLists.txt:2 (project)


-- Check for working C compiler: /usr/bin/cc
-- Check for working C compiler: /usr/bin/cc -- broken
CMake Error at /home/liu/Application/clion-2018.2/bin/cmake/linux/share/cmake-3.12/Modules/CMakeTestCCompiler.cmake:52 (message):
  The C compiler

    "/usr/bin/cc"

  is not able to compile a simple test program.

  It fails with the following output:

    Change Dir: /run/user/1000/gvfs/smb-share:server=192.168.1.149,share=a409/users/zhangmi/untitled/cmake-build-debug/CMakeFiles/CMakeTmp
    
    Run Build Command:"/usr/bin/make" "cmTC_066d3/fast"
    /usr/bin/make -f CMakeFiles/cmTC_066d3.dir/build.make CMakeFiles/cmTC_066d3.dir/build
    make[1]: Entering directory '/run/user/1000/gvfs/smb-share:server=192.168.1.149,share=a409/users/zhangmi/untitled/cmake-build-debug/CMakeFiles/CMakeTmp'
    Building C object CMakeFiles/cmTC_066d3.dir/testCCompiler.c.o
    /usr/bin/cc    -o CMakeFiles/cmTC_066d3.dir/testCCompiler.c.o   -c /run/user/1000/gvfs/smb-share:server=192.168.1.149,share=a409/users/zhangmi/untitled/cmake-build-debug/CMakeFiles/CMakeTmp/testCCompiler.c
    /tmp/ccOn1IBC.s: Assembler messages:
    /tmp/ccOn1IBC.s: 致命错误： can't write 19 bytes to section .text of CMakeFiles/cmTC_066d3.dir/testCCompiler.c.o because: '不支持的操作'
    /tmp/ccOn1IBC.s: 致命错误： can't close CMakeFiles/cmTC_066d3.dir/testCCompiler.c.o: 不支持的操作
    CMakeFiles/cmTC_066d3.dir/build.make:65: recipe for target 'CMakeFiles/cmTC_066d3.dir/testCCompiler.c.o' failed
    make[1]: *** [CMakeFiles/cmTC_066d3.dir/testCCompiler.c.o] Error 1
    make[1]: Leaving directory '/run/user/1000/gvfs/smb-share:server=192.168.1.149,share=a409/users/zhangmi/untitled/cmake-build-debug/CMakeFiles/CMakeTmp'
    Makefile:121: recipe for target 'cmTC_066d3/fast' failed
    make: *** [cmTC_066d3/fast] Error 2
    

  

  CMake will not be able to correctly generate this project.
Call Stack (most recent call first):
  CMakeLists.txt:2 (project)


-- Configuring incomplete, errors occurred!
See also "/run/user/1000/gvfs/smb-share:server=192.168.1.149,share=a409/users/zhangmi/untitled/cmake-build-debug/CMakeFiles/CMakeOutput.log".
See also "/run/user/1000/gvfs/smb-share:server=192.168.1.149,share=a409/users/zhangmi/untitled/cmake-build-debug/CMakeFiles/CMakeError.log".
